Using pre-set license
Built from '2020.3/staging' branch; Version is '2020.3.17f1 (a4537701e4ab) revision 10769271'; Using compiler version '192528614'; Build Type 'Release'
OS: 'Windows 10 Pro; OS build 19043.1237; Version 2009; 64bit' Language: 'en' Physical Memory: 12079 MB
BatchMode: 1, IsHumanControllingUs: 0, StartBugReporterOnCrash: 0, Is64bit: 1, IsPro: 0

COMMAND LINE ARGUMENTS:
C:\Program Files\Unity\Hub\Editor\2020.3.17f1\Editor\Unity.exe
-adb2
-batchMode
-noUpm
-name
AssetImportWorker0
-projectPath
D:/pam_works/Unity_space/BVWassign6_Mixamo
-logFile
Logs/AssetImportWorker0.log
-srvPort
62027
Successfully changed project path to: D:/pam_works/Unity_space/BVWassign6_Mixamo
D:/pam_works/Unity_space/BVWassign6_Mixamo
Using Asset Import Pipeline V2.
Refreshing native plugins compatible for Editor in 38.50 ms, found 2 plugins.
Preloading 0 native plugins for Editor in 0.00 ms.
Initialize engine version: 2020.3.17f1 (a4537701e4ab)
[Subsystems] Discovering subsystems at path C:/Program Files/Unity/Hub/Editor/2020.3.17f1/Editor/Data/Resources/UnitySubsystems
[Subsystems] Discovering subsystems at path D:/pam_works/Unity_space/BVWassign6_Mixamo/Assets
GfxDevice: creating device client; threaded=0
Direct3D:
    Version:  Direct3D 11.0 [level 11.0]
    Renderer: NVIDIA GeForce GTX 950M (ID=0x139a)
    Vendor:   
    VRAM:     2019 MB
    Driver:   22.21.13.8554
Initialize mono
Mono path[0] = 'C:/Program Files/Unity/Hub/Editor/2020.3.17f1/Editor/Data/Managed'
Mono path[1] = 'C:/Program Files/Unity/Hub/Editor/2020.3.17f1/Editor/Data/MonoBleedingEdge/lib/mono/unityjit'
Mono config path = 'C:/Program Files/Unity/Hub/Editor/2020.3.17f1/Editor/Data/MonoBleedingEdge/etc'
Using monoOptions --debugger-agent=transport=dt_socket,embedding=1,server=y,suspend=n,address=127.0.0.1:56584
Begin MonoManager ReloadAssembly
Registering precompiled unity dll's ...
Register platform support module: C:/Program Files/Unity/Hub/Editor/2020.3.17f1/Editor/Data/PlaybackEngines/WebGLSupport/UnityEditor.WebGL.Extensions.dll
Register platform support module: C:/Program Files/Unity/Hub/Editor/2020.3.17f1/Editor/Data/PlaybackEngines/MacStandaloneSupport/UnityEditor.OSXStandalone.Extensions.dll
Register platform support module: C:/Program Files/Unity/Hub/Editor/2020.3.17f1/Editor/Data/PlaybackEngines/WindowsStandaloneSupport/UnityEditor.WindowsStandalone.Extensions.dll
Register platform support module: C:/Program Files/Unity/Hub/Editor/2020.3.17f1/Editor/Data/PlaybackEngines/LinuxStandaloneSupport/UnityEditor.LinuxStandalone.Extensions.dll
Register platform support module: C:/Program Files/Unity/Hub/Editor/2020.3.17f1/Editor/Data/PlaybackEngines/LuminSupport/UnityEditor.Lumin.Extensions.dll
Registered in 0.004362 seconds.
Native extension for Lumin target not found
Native extension for LinuxStandalone target not found
Native extension for WindowsStandalone target not found
Native extension for OSXStandalone target not found
Native extension for WebGL target not found
Refreshing native plugins compatible for Editor in 43.02 ms, found 2 plugins.
Preloading 0 native plugins for Editor in 0.00 ms.
Mono: successfully reloaded assembly
- Completed reload, in  2.642 seconds
Domain Reload Profiling:
	ReloadAssembly (2643ms)
		BeginReloadAssembly (70ms)
			ExecutionOrderSort (0ms)
			DisableScriptedObjects (0ms)
			BackupInstance (0ms)
			ReleaseScriptingObjects (0ms)
			CreateAndSetChildDomain (1ms)
		EndReloadAssembly (584ms)
			LoadAssemblies (69ms)
			RebuildTransferFunctionScriptingTraits (0ms)
			SetupTypeCache (217ms)
			ReleaseScriptCaches (0ms)
			RebuildScriptCaches (45ms)
			SetupLoadedEditorAssemblies (227ms)
				LogAssemblyErrors (0ms)
				InitializePlatformSupportModulesInManaged (9ms)
				SetLoadedEditorAssemblies (0ms)
				RefreshPlugins (43ms)
				BeforeProcessingInitializeOnLoad (31ms)
				ProcessInitializeOnLoadAttributes (107ms)
				ProcessInitializeOnLoadMethodAttributes (36ms)
				AfterProcessingInitializeOnLoad (0ms)
				EditorAssembliesLoaded (0ms)
			ExecutionOrderSort2 (0ms)
			AwakeInstancesAfterBackupRestoration (0ms)
Platform modules already initialized, skipping
Registering precompiled user dll's ...
Registered in 0.003694 seconds.
Begin MonoManager ReloadAssembly
Native extension for Lumin target not found
Native extension for LinuxStandalone target not found
Native extension for WindowsStandalone target not found
Native extension for OSXStandalone target not found
Native extension for WebGL target not found
Refreshing native plugins compatible for Editor in 0.37 ms, found 2 plugins.
Preloading 0 native plugins for Editor in 0.00 ms.
Mono: successfully reloaded assembly
- Completed reload, in  1.424 seconds
Domain Reload Profiling:
	ReloadAssembly (1425ms)
		BeginReloadAssembly (193ms)
			ExecutionOrderSort (0ms)
			DisableScriptedObjects (8ms)
			BackupInstance (0ms)
			ReleaseScriptingObjects (0ms)
			CreateAndSetChildDomain (23ms)
		EndReloadAssembly (1150ms)
			LoadAssemblies (108ms)
			RebuildTransferFunctionScriptingTraits (0ms)
			SetupTypeCache (359ms)
			ReleaseScriptCaches (1ms)
			RebuildScriptCaches (54ms)
			SetupLoadedEditorAssemblies (500ms)
				LogAssemblyErrors (0ms)
				InitializePlatformSupportModulesInManaged (13ms)
				SetLoadedEditorAssemblies (1ms)
				RefreshPlugins (0ms)
				BeforeProcessingInitializeOnLoad (107ms)
				ProcessInitializeOnLoadAttributes (367ms)
				ProcessInitializeOnLoadMethodAttributes (5ms)
				AfterProcessingInitializeOnLoad (7ms)
				EditorAssembliesLoaded (0ms)
			ExecutionOrderSort2 (0ms)
			AwakeInstancesAfterBackupRestoration (9ms)
Platform modules already initialized, skipping
========================================================================
Worker process is ready to serve import requests
Launched and connected shader compiler UnityShaderCompiler.exe after 0.11 seconds
Refreshing native plugins compatible for Editor in 0.36 ms, found 2 plugins.
Preloading 0 native plugins for Editor in 0.00 ms.
Unloading 1406 Unused Serialized files (Serialized files now loaded: 0)
System memory in use before: 65.2 MB.
System memory in use after: 65.3 MB.

Unloading 18 unused Assets to reduce memory usage. Loaded Objects now: 1839.
Total: 3.557600 ms (FindLiveObjects: 0.171800 ms CreateObjectMapping: 0.046100 ms MarkObjects: 3.159000 ms  DeleteObjects: 0.179300 ms)

AssetImportParameters requested are different than current active one (requested -> active):
  custom:framework-win-MediaFoundation: 216162199b28c13a410421893ffa2e32 -> 
  custom:video-decoder-ogg-theora: a1e56fd34408186e4bbccfd4996cb3dc -> 
  custom:container-muxer-webm: aa71ff27fc2769a1b78a27578f13a17b -> 
  custom:container-demuxer-webm: 4f35f7cbe854078d1ac9338744f61a02 -> 
  custom:container-demuxer-ogg: 62fdf1f143b41e24485cea50d1cbac27 -> 
  custom:video-encoder-webm-vp8: eb34c28f22e8b96e1ab97ce403110664 -> 
  custom:video-decoder-webm-vp8: 9c59270c3fd7afecdb556c50c9e8de78 -> 
  custom:audio-decoder-ogg-vorbis: bf7c407c2cedff20999df2af8eb42d56 -> 
  custom:audio-encoder-webm-vorbis: bf7c407c2cedff20999df2af8eb42d56 -> 
========================================================================
Received Import Request.
  path: Assets/Mixamo/finn1.obj
  artifactKey: Guid(d6b112987923c57459909fe059d6d8ca) Importer(815301076,1909f56bfc062723c751e8b465ee728b)
Start importing Assets/Mixamo/finn1.obj using Guid(d6b112987923c57459909fe059d6d8ca) Importer(815301076,1909f56bfc062723c751e8b465ee728b)  -> (artifact id: '2f7d3d5dee601b684718db168d2a3694') in 0.207638 seconds 
  Import took 0.210614 seconds .

========================================================================
Received Import Request.
  Time since last request: 102.668472 seconds.
  path: Assets/Mixamo/finn1@T-Pose.fbx
  artifactKey: Guid(12aa67b9d6983c642a96067ecd90b846) Importer(815301076,1909f56bfc062723c751e8b465ee728b)
Start importing Assets/Mixamo/finn1@T-Pose.fbx using Guid(12aa67b9d6983c642a96067ecd90b846) Importer(815301076,1909f56bfc062723c751e8b465ee728b)  -> (artifact id: '306b9c9c72b7ab4c6ec16f5aba4aec1f') in 0.091314 seconds 
  Import took 0.095850 seconds .

========================================================================
Received Import Request.
  Time since last request: 271.777614 seconds.
  path: Assets/Mixamo/finn1@T-Pose (1).fbx
  artifactKey: Guid(bbac6a45e5c9b274a9190c8f15673706) Importer(815301076,1909f56bfc062723c751e8b465ee728b)
Start importing Assets/Mixamo/finn1@T-Pose (1).fbx using Guid(bbac6a45e5c9b274a9190c8f15673706) Importer(815301076,1909f56bfc062723c751e8b465ee728b)  -> (artifact id: 'c4fc4db72e0d802fa7b7eea03961b21b') in 0.074293 seconds 
  Import took 0.078398 seconds .

========================================================================
Received Import Request.
  Time since last request: 41.980815 seconds.
  path: Assets/Mixamo/finn1@T-Pose.fbx
  artifactKey: Guid(12aa67b9d6983c642a96067ecd90b846) Importer(815301076,1909f56bfc062723c751e8b465ee728b)
Start importing Assets/Mixamo/finn1@T-Pose.fbx using Guid(12aa67b9d6983c642a96067ecd90b846) Importer(815301076,1909f56bfc062723c751e8b465ee728b)  -> (artifact id: '5dfb22129e8882303b2fb694159cdc59') in 0.067471 seconds 
  Import took 0.072574 seconds .

========================================================================
Received Import Request.
  Time since last request: 79.608394 seconds.
  path: Assets/Mixamo/finn1@Standing Greeting.fbx
  artifactKey: Guid(a353ea95b2f9acc4b9dad9f6a1055679) Importer(815301076,1909f56bfc062723c751e8b465ee728b)
Start importing Assets/Mixamo/finn1@Standing Greeting.fbx using Guid(a353ea95b2f9acc4b9dad9f6a1055679) Importer(815301076,1909f56bfc062723c751e8b465ee728b)  -> (artifact id: '70fae8933cb9b5c6b1364cd5eff5e25c') in 0.071228 seconds 
  Import took 0.080150 seconds .

========================================================================
Received Import Request.
  Time since last request: 11.897892 seconds.
  path: Assets/Mixamo/T-Pose.anim
  artifactKey: Guid(d69c94c00b9d56b49927ed71b79787d1) Importer(815301076,1909f56bfc062723c751e8b465ee728b)
Start importing Assets/Mixamo/T-Pose.anim using Guid(d69c94c00b9d56b49927ed71b79787d1) Importer(815301076,1909f56bfc062723c751e8b465ee728b)  -> (artifact id: '9243acac75f8364b413ce0d6c235c71d') in 0.018904 seconds 
  Import took 0.024120 seconds .

========================================================================
Received Import Request.
  Time since last request: 11.382023 seconds.
  path: Assets/Mixamo/Standing Greeting.anim
  artifactKey: Guid(14dc357ec5023904bba9dc3ed86d3cef) Importer(815301076,1909f56bfc062723c751e8b465ee728b)
Start importing Assets/Mixamo/Standing Greeting.anim using Guid(14dc357ec5023904bba9dc3ed86d3cef) Importer(815301076,1909f56bfc062723c751e8b465ee728b)  -> (artifact id: '4b7740792daa43213f2912d2b3b678c3') in 0.021245 seconds 
  Import took 0.025248 seconds .

========================================================================
Received Import Request.
  Time since last request: 26.280262 seconds.
  path: Assets/Animation/Dance1Animater.controller
  artifactKey: Guid(03332ab1566d4304a9019fb112c7b628) Importer(815301076,1909f56bfc062723c751e8b465ee728b)
Start importing Assets/Animation/Dance1Animater.controller using Guid(03332ab1566d4304a9019fb112c7b628) Importer(815301076,1909f56bfc062723c751e8b465ee728b)  -> (artifact id: '3a0eb412983b4d810c4d288b20b3248a') in 0.238465 seconds 
  Import took 0.241396 seconds .

========================================================================
Received Import Request.
  Time since last request: 31.550037 seconds.
  path: Assets/Animation/GreetAnimator.controller
  artifactKey: Guid(3a6afa554ebfe1e4a921c5cd8d245924) Importer(815301076,1909f56bfc062723c751e8b465ee728b)
Start importing Assets/Animation/GreetAnimator.controller using Guid(3a6afa554ebfe1e4a921c5cd8d245924) Importer(815301076,1909f56bfc062723c751e8b465ee728b)  -> (artifact id: 'bdeb77d366193a2104452869e5bfdb23') in 0.013385 seconds 
  Import took 0.018190 seconds .

========================================================================
Received Import Request.
  Time since last request: 63.013200 seconds.
  path: Assets/Animation/GreetAnimator.controller
  artifactKey: Guid(3a6afa554ebfe1e4a921c5cd8d245924) Importer(815301076,1909f56bfc062723c751e8b465ee728b)
Start importing Assets/Animation/GreetAnimator.controller using Guid(3a6afa554ebfe1e4a921c5cd8d245924) Importer(815301076,1909f56bfc062723c751e8b465ee728b)  -> (artifact id: 'bc53dd3492c12610fb3283264b92e3b8') in 0.002579 seconds 
  Import took 0.014090 seconds .

========================================================================
Received Import Request.
  Time since last request: 0.001545 seconds.
  path: Assets/Animation/GreetAnimator.controller
  artifactKey: Guid(3a6afa554ebfe1e4a921c5cd8d245924) Importer(815301076,1909f56bfc062723c751e8b465ee728b)
Start importing Assets/Animation/GreetAnimator.controller using Guid(3a6afa554ebfe1e4a921c5cd8d245924) Importer(815301076,1909f56bfc062723c751e8b465ee728b)  -> (artifact id: 'bc53dd3492c12610fb3283264b92e3b8') in 0.003189 seconds 
  Import took 0.007195 seconds .

========================================================================
Received Import Request.
  Time since last request: 3.460923 seconds.
  path: Assets/Animation/Dance1Animater.controller
  artifactKey: Guid(03332ab1566d4304a9019fb112c7b628) Importer(815301076,1909f56bfc062723c751e8b465ee728b)
Start importing Assets/Animation/Dance1Animater.controller using Guid(03332ab1566d4304a9019fb112c7b628) Importer(815301076,1909f56bfc062723c751e8b465ee728b)  -> (artifact id: '6125f7563ccd910f753cf8b0038fc016') in 0.143733 seconds 
  Import took 0.147952 seconds .

========================================================================
Received Prepare
Registering precompiled user dll's ...
Registered in 0.009074 seconds.
Begin MonoManager ReloadAssembly
Native extension for Lumin target not found
Native extension for LinuxStandalone target not found
Native extension for WindowsStandalone target not found
Native extension for OSXStandalone target not found
Native extension for WebGL target not found
Refreshing native plugins compatible for Editor in 0.34 ms, found 2 plugins.
Preloading 0 native plugins for Editor in 0.00 ms.
Mono: successfully reloaded assembly
- Completed reload, in  1.350 seconds
Domain Reload Profiling:
	ReloadAssembly (1350ms)
		BeginReloadAssembly (149ms)
			ExecutionOrderSort (0ms)
			DisableScriptedObjects (5ms)
			BackupInstance (0ms)
			ReleaseScriptingObjects (0ms)
			CreateAndSetChildDomain (45ms)
		EndReloadAssembly (1116ms)
			LoadAssemblies (112ms)
			RebuildTransferFunctionScriptingTraits (0ms)
			SetupTypeCache (355ms)
			ReleaseScriptCaches (1ms)
			RebuildScriptCaches (47ms)
			SetupLoadedEditorAssemblies (470ms)
				LogAssemblyErrors (0ms)
				InitializePlatformSupportModulesInManaged (12ms)
				SetLoadedEditorAssemblies (1ms)
				RefreshPlugins (0ms)
				BeforeProcessingInitializeOnLoad (97ms)
				ProcessInitializeOnLoadAttributes (349ms)
				ProcessInitializeOnLoadMethodAttributes (4ms)
				AfterProcessingInitializeOnLoad (8ms)
				EditorAssembliesLoaded (0ms)
			ExecutionOrderSort2 (0ms)
			AwakeInstancesAfterBackupRestoration (9ms)
Platform modules already initialized, skipping
Refreshing native plugins compatible for Editor in 0.38 ms, found 2 plugins.
Preloading 0 native plugins for Editor in 0.00 ms.
Unloading 1400 Unused Serialized files (Serialized files now loaded: 0)
System memory in use before: 82.2 MB.
System memory in use after: 82.3 MB.

Unloading 14 unused Assets to reduce memory usage. Loaded Objects now: 1885.
Total: 5.261800 ms (FindLiveObjects: 0.477200 ms CreateObjectMapping: 0.094200 ms MarkObjects: 4.663300 ms  DeleteObjects: 0.025500 ms)

AssetImportParameters requested are different than current active one (requested -> active):
  custom:framework-win-MediaFoundation: 216162199b28c13a410421893ffa2e32 -> 
  custom:video-decoder-ogg-theora: a1e56fd34408186e4bbccfd4996cb3dc -> 
  custom:container-muxer-webm: aa71ff27fc2769a1b78a27578f13a17b -> 
  custom:container-demuxer-webm: 4f35f7cbe854078d1ac9338744f61a02 -> 
  custom:container-demuxer-ogg: 62fdf1f143b41e24485cea50d1cbac27 -> 
  custom:video-encoder-webm-vp8: eb34c28f22e8b96e1ab97ce403110664 -> 
  custom:video-decoder-webm-vp8: 9c59270c3fd7afecdb556c50c9e8de78 -> 
  custom:audio-decoder-ogg-vorbis: bf7c407c2cedff20999df2af8eb42d56 -> 
  custom:audio-encoder-webm-vorbis: bf7c407c2cedff20999df2af8eb42d56 -> 
========================================================================
Received Import Request.
  Time since last request: 230.804109 seconds.
  path: Assets/Animation/Dance.controller
  artifactKey: Guid(4cce1c5a413c0664cb6556597f6cf239) Importer(815301076,1909f56bfc062723c751e8b465ee728b)
Start importing Assets/Animation/Dance.controller using Guid(4cce1c5a413c0664cb6556597f6cf239) Importer(815301076,1909f56bfc062723c751e8b465ee728b)  -> (artifact id: '08868daa3c640d42a9409681b48d4137') in 0.033507 seconds 
  Import took 0.045178 seconds .

========================================================================
Received Import Request.
  Time since last request: 114.364694 seconds.
  path: Assets/Script/player.cs
  artifactKey: Guid(ccff7fb8b850bb845b47700692ad0806) Importer(815301076,1909f56bfc062723c751e8b465ee728b)
Start importing Assets/Script/player.cs using Guid(ccff7fb8b850bb845b47700692ad0806) Importer(815301076,1909f56bfc062723c751e8b465ee728b)  -> (artifact id: '24804efebd55120c5c13036c56b14180') in 0.023005 seconds 
  Import took 0.025709 seconds .

========================================================================
Received Import Request.
  Time since last request: 0.019211 seconds.
  path: Assets/Script/player.cs
  artifactKey: Guid(ccff7fb8b850bb845b47700692ad0806) Importer(815301076,1909f56bfc062723c751e8b465ee728b)
Start importing Assets/Script/player.cs using Guid(ccff7fb8b850bb845b47700692ad0806) Importer(815301076,1909f56bfc062723c751e8b465ee728b)  -> (artifact id: '24804efebd55120c5c13036c56b14180') in 0.002424 seconds 
  Import took 0.006192 seconds .

========================================================================
Received Import Request.
  Time since last request: 109.878900 seconds.
  path: Assets/Animation/Dance.controller
  artifactKey: Guid(4cce1c5a413c0664cb6556597f6cf239) Importer(815301076,1909f56bfc062723c751e8b465ee728b)
Start importing Assets/Animation/Dance.controller using Guid(4cce1c5a413c0664cb6556597f6cf239) Importer(815301076,1909f56bfc062723c751e8b465ee728b)  -> (artifact id: '0ac40ae16b3a26cb158155eb34bc68c0') in 0.055891 seconds 
  Import took 0.059398 seconds .

========================================================================
Received Prepare
Registering precompiled user dll's ...
Registered in 0.005146 seconds.
Begin MonoManager ReloadAssembly
Native extension for Lumin target not found
Native extension for LinuxStandalone target not found
Native extension for WindowsStandalone target not found
Native extension for OSXStandalone target not found
Native extension for WebGL target not found
Refreshing native plugins compatible for Editor in 0.35 ms, found 2 plugins.
Preloading 0 native plugins for Editor in 0.00 ms.
Mono: successfully reloaded assembly
- Completed reload, in  1.313 seconds
Domain Reload Profiling:
	ReloadAssembly (1314ms)
		BeginReloadAssembly (144ms)
			ExecutionOrderSort (0ms)
			DisableScriptedObjects (9ms)
			BackupInstance (0ms)
			ReleaseScriptingObjects (0ms)
			CreateAndSetChildDomain (47ms)
		EndReloadAssembly (1089ms)
			LoadAssemblies (114ms)
			RebuildTransferFunctionScriptingTraits (0ms)
			SetupTypeCache (354ms)
			ReleaseScriptCaches (1ms)
			RebuildScriptCaches (48ms)
			SetupLoadedEditorAssemblies (449ms)
				LogAssemblyErrors (0ms)
				InitializePlatformSupportModulesInManaged (12ms)
				SetLoadedEditorAssemblies (1ms)
				RefreshPlugins (0ms)
				BeforeProcessingInitializeOnLoad (96ms)
				ProcessInitializeOnLoadAttributes (327ms)
				ProcessInitializeOnLoadMethodAttributes (6ms)
				AfterProcessingInitializeOnLoad (8ms)
				EditorAssembliesLoaded (0ms)
			ExecutionOrderSort2 (0ms)
			AwakeInstancesAfterBackupRestoration (8ms)
Platform modules already initialized, skipping
Refreshing native plugins compatible for Editor in 0.41 ms, found 2 plugins.
Preloading 0 native plugins for Editor in 0.00 ms.
Unloading 1400 Unused Serialized files (Serialized files now loaded: 0)
System memory in use before: 82.2 MB.
System memory in use after: 82.3 MB.

Unloading 13 unused Assets to reduce memory usage. Loaded Objects now: 1887.
Total: 5.787800 ms (FindLiveObjects: 0.431600 ms CreateObjectMapping: 0.138300 ms MarkObjects: 5.154000 ms  DeleteObjects: 0.062000 ms)

AssetImportParameters requested are different than current active one (requested -> active):
  custom:framework-win-MediaFoundation: 216162199b28c13a410421893ffa2e32 -> 
  custom:video-decoder-ogg-theora: a1e56fd34408186e4bbccfd4996cb3dc -> 
  custom:container-muxer-webm: aa71ff27fc2769a1b78a27578f13a17b -> 
  custom:container-demuxer-webm: 4f35f7cbe854078d1ac9338744f61a02 -> 
  custom:container-demuxer-ogg: 62fdf1f143b41e24485cea50d1cbac27 -> 
  custom:video-encoder-webm-vp8: eb34c28f22e8b96e1ab97ce403110664 -> 
  custom:video-decoder-webm-vp8: 9c59270c3fd7afecdb556c50c9e8de78 -> 
  custom:audio-decoder-ogg-vorbis: bf7c407c2cedff20999df2af8eb42d56 -> 
  custom:audio-encoder-webm-vorbis: bf7c407c2cedff20999df2af8eb42d56 -> 
========================================================================
Received Import Request.
  Time since last request: 122.117235 seconds.
  path: Assets/Mixamo/Standing Greeting.anim
  artifactKey: Guid(323c4de2e4bd1fe4aaf3dc8721c3845b) Importer(815301076,1909f56bfc062723c751e8b465ee728b)
Start importing Assets/Mixamo/Standing Greeting.anim using Guid(323c4de2e4bd1fe4aaf3dc8721c3845b) Importer(815301076,1909f56bfc062723c751e8b465ee728b)  -> (artifact id: '54c69656a62f2e0b0d30a57df1b6b35e') in 0.043834 seconds 
  Import took 0.047897 seconds .

========================================================================
Received Prepare
Registering precompiled user dll's ...
Registered in 0.007687 seconds.
Begin MonoManager ReloadAssembly
Native extension for Lumin target not found
Native extension for LinuxStandalone target not found
Native extension for WindowsStandalone target not found
Native extension for OSXStandalone target not found
Native extension for WebGL target not found
Refreshing native plugins compatible for Editor in 0.45 ms, found 2 plugins.
Preloading 0 native plugins for Editor in 0.00 ms.
Mono: successfully reloaded assembly
- Completed reload, in  1.320 seconds
Domain Reload Profiling:
	ReloadAssembly (1320ms)
		BeginReloadAssembly (144ms)
			ExecutionOrderSort (0ms)
			DisableScriptedObjects (5ms)
			BackupInstance (0ms)
			ReleaseScriptingObjects (0ms)
			CreateAndSetChildDomain (40ms)
		EndReloadAssembly (1093ms)
			LoadAssemblies (118ms)
			RebuildTransferFunctionScriptingTraits (0ms)
			SetupTypeCache (341ms)
			ReleaseScriptCaches (1ms)
			RebuildScriptCaches (49ms)
			SetupLoadedEditorAssemblies (463ms)
				LogAssemblyErrors (0ms)
				InitializePlatformSupportModulesInManaged (11ms)
				SetLoadedEditorAssemblies (1ms)
				RefreshPlugins (1ms)
				BeforeProcessingInitializeOnLoad (95ms)
				ProcessInitializeOnLoadAttributes (343ms)
				ProcessInitializeOnLoadMethodAttributes (4ms)
				AfterProcessingInitializeOnLoad (8ms)
				EditorAssembliesLoaded (0ms)
			ExecutionOrderSort2 (0ms)
			AwakeInstancesAfterBackupRestoration (8ms)
Platform modules already initialized, skipping
Refreshing native plugins compatible for Editor in 0.37 ms, found 2 plugins.
Preloading 0 native plugins for Editor in 0.00 ms.
Unloading 1400 Unused Serialized files (Serialized files now loaded: 0)
System memory in use before: 82.2 MB.
System memory in use after: 82.3 MB.

Unloading 13 unused Assets to reduce memory usage. Loaded Objects now: 1889.
Total: 3.569800 ms (FindLiveObjects: 0.163200 ms CreateObjectMapping: 0.042000 ms MarkObjects: 3.345900 ms  DeleteObjects: 0.017700 ms)

AssetImportParameters requested are different than current active one (requested -> active):
  custom:framework-win-MediaFoundation: 216162199b28c13a410421893ffa2e32 -> 
  custom:video-decoder-ogg-theora: a1e56fd34408186e4bbccfd4996cb3dc -> 
  custom:container-muxer-webm: aa71ff27fc2769a1b78a27578f13a17b -> 
  custom:container-demuxer-webm: 4f35f7cbe854078d1ac9338744f61a02 -> 
  custom:container-demuxer-ogg: 62fdf1f143b41e24485cea50d1cbac27 -> 
  custom:video-encoder-webm-vp8: eb34c28f22e8b96e1ab97ce403110664 -> 
  custom:video-decoder-webm-vp8: 9c59270c3fd7afecdb556c50c9e8de78 -> 
  custom:audio-decoder-ogg-vorbis: bf7c407c2cedff20999df2af8eb42d56 -> 
  custom:audio-encoder-webm-vorbis: bf7c407c2cedff20999df2af8eb42d56 -> 
========================================================================
Received Import Request.
  Time since last request: 98.685546 seconds.
  path: Assets/Mixamo/finn1@Standing Greeting.fbx
  artifactKey: Guid(a353ea95b2f9acc4b9dad9f6a1055679) Importer(815301076,1909f56bfc062723c751e8b465ee728b)
Start importing Assets/Mixamo/finn1@Standing Greeting.fbx using Guid(a353ea95b2f9acc4b9dad9f6a1055679) Importer(815301076,1909f56bfc062723c751e8b465ee728b)  -> (artifact id: 'c7690be109ca0504993538eaa96fe590') in 0.112448 seconds 
  Import took 0.116387 seconds .

========================================================================
Received Import Request.
  Time since last request: 4.273743 seconds.
  path: Assets/Mixamo/Standing Greeting.anim
  artifactKey: Guid(eff1891c7dc05474e82159639b99fae3) Importer(815301076,1909f56bfc062723c751e8b465ee728b)
Start importing Assets/Mixamo/Standing Greeting.anim using Guid(eff1891c7dc05474e82159639b99fae3) Importer(815301076,1909f56bfc062723c751e8b465ee728b)  -> (artifact id: '96c6833987dd324cd1e7e362aff3b0ba') in 0.027512 seconds 
  Import took 0.031323 seconds .

========================================================================
Received Import Request.
  Time since last request: 47.485307 seconds.
  path: Assets/Animation/Hip Hop Dancing (1).anim
  artifactKey: Guid(ee6a40bbd69ba0a4ab6b02ad7b8d2b27) Importer(815301076,1909f56bfc062723c751e8b465ee728b)
Start importing Assets/Animation/Hip Hop Dancing (1).anim using Guid(ee6a40bbd69ba0a4ab6b02ad7b8d2b27) Importer(815301076,1909f56bfc062723c751e8b465ee728b)  -> (artifact id: 'c38fa9cff350085664db0988721b5c4b') in 0.091666 seconds 
  Import took 0.095603 seconds .

========================================================================
Received Prepare
Registering precompiled user dll's ...
Registered in 0.007851 seconds.
Begin MonoManager ReloadAssembly
Native extension for Lumin target not found
Native extension for LinuxStandalone target not found
Native extension for WindowsStandalone target not found
Native extension for OSXStandalone target not found
Native extension for WebGL target not found
Refreshing native plugins compatible for Editor in 0.33 ms, found 2 plugins.
Preloading 0 native plugins for Editor in 0.00 ms.
Mono: successfully reloaded assembly
- Completed reload, in  1.380 seconds
Domain Reload Profiling:
	ReloadAssembly (1381ms)
		BeginReloadAssembly (145ms)
			ExecutionOrderSort (0ms)
			DisableScriptedObjects (5ms)
			BackupInstance (0ms)
			ReleaseScriptingObjects (0ms)
			CreateAndSetChildDomain (43ms)
		EndReloadAssembly (1153ms)
			LoadAssemblies (112ms)
			RebuildTransferFunctionScriptingTraits (0ms)
			SetupTypeCache (362ms)
			ReleaseScriptCaches (1ms)
			RebuildScriptCaches (46ms)
			SetupLoadedEditorAssemblies (485ms)
				LogAssemblyErrors (0ms)
				InitializePlatformSupportModulesInManaged (12ms)
				SetLoadedEditorAssemblies (1ms)
				RefreshPlugins (0ms)
				BeforeProcessingInitializeOnLoad (92ms)
				ProcessInitializeOnLoadAttributes (366ms)
				ProcessInitializeOnLoadMethodAttributes (6ms)
				AfterProcessingInitializeOnLoad (7ms)
				EditorAssembliesLoaded (1ms)
			ExecutionOrderSort2 (0ms)
			AwakeInstancesAfterBackupRestoration (8ms)
Platform modules already initialized, skipping
Refreshing native plugins compatible for Editor in 0.38 ms, found 2 plugins.
Preloading 0 native plugins for Editor in 0.00 ms.
Unloading 1400 Unused Serialized files (Serialized files now loaded: 0)
System memory in use before: 82.2 MB.
System memory in use after: 82.3 MB.

Unloading 14 unused Assets to reduce memory usage. Loaded Objects now: 1892.
Total: 3.897500 ms (FindLiveObjects: 0.183500 ms CreateObjectMapping: 0.047800 ms MarkObjects: 3.605000 ms  DeleteObjects: 0.060100 ms)

AssetImportParameters requested are different than current active one (requested -> active):
  custom:framework-win-MediaFoundation: 216162199b28c13a410421893ffa2e32 -> 
  custom:video-decoder-ogg-theora: a1e56fd34408186e4bbccfd4996cb3dc -> 
  custom:container-muxer-webm: aa71ff27fc2769a1b78a27578f13a17b -> 
  custom:container-demuxer-webm: 4f35f7cbe854078d1ac9338744f61a02 -> 
  custom:container-demuxer-ogg: 62fdf1f143b41e24485cea50d1cbac27 -> 
  custom:video-encoder-webm-vp8: eb34c28f22e8b96e1ab97ce403110664 -> 
  custom:video-decoder-webm-vp8: 9c59270c3fd7afecdb556c50c9e8de78 -> 
  custom:audio-decoder-ogg-vorbis: bf7c407c2cedff20999df2af8eb42d56 -> 
  custom:audio-encoder-webm-vorbis: bf7c407c2cedff20999df2af8eb42d56 -> 
========================================================================
Received Import Request.
  Time since last request: 18.175897 seconds.
  path: Assets/Animation/Hip Hop Dancing (1).anim
  artifactKey: Guid(ee6a40bbd69ba0a4ab6b02ad7b8d2b27) Importer(815301076,1909f56bfc062723c751e8b465ee728b)
Start importing Assets/Animation/Hip Hop Dancing (1).anim using Guid(ee6a40bbd69ba0a4ab6b02ad7b8d2b27) Importer(815301076,1909f56bfc062723c751e8b465ee728b)  -> (artifact id: 'ea05dbe21149db9d98c25938410e6137') in 0.087189 seconds 
  Import took 0.090406 seconds .

========================================================================
Received Import Request.
  Time since last request: 1.817934 seconds.
  path: Assets/Animation/Hip Hop Dancing (1).anim
  artifactKey: Guid(ee6a40bbd69ba0a4ab6b02ad7b8d2b27) Importer(815301076,1909f56bfc062723c751e8b465ee728b)
Start importing Assets/Animation/Hip Hop Dancing (1).anim using Guid(ee6a40bbd69ba0a4ab6b02ad7b8d2b27) Importer(815301076,1909f56bfc062723c751e8b465ee728b)  -> (artifact id: 'ea05dbe21149db9d98c25938410e6137') in 0.090375 seconds 
  Import took 0.093550 seconds .

========================================================================
Received Prepare
Registering precompiled user dll's ...
Registered in 0.005336 seconds.
Begin MonoManager ReloadAssembly
Native extension for Lumin target not found
Native extension for LinuxStandalone target not found
Native extension for WindowsStandalone target not found
Native extension for OSXStandalone target not found
Native extension for WebGL target not found
Refreshing native plugins compatible for Editor in 0.36 ms, found 2 plugins.
Preloading 0 native plugins for Editor in 0.00 ms.
Mono: successfully reloaded assembly
- Completed reload, in  2.220 seconds
Domain Reload Profiling:
	ReloadAssembly (2221ms)
		BeginReloadAssembly (144ms)
			ExecutionOrderSort (0ms)
			DisableScriptedObjects (8ms)
			BackupInstance (0ms)
			ReleaseScriptingObjects (0ms)
			CreateAndSetChildDomain (42ms)
		EndReloadAssembly (1992ms)
			LoadAssemblies (120ms)
			RebuildTransferFunctionScriptingTraits (0ms)
			SetupTypeCache (763ms)
			ReleaseScriptCaches (1ms)
			RebuildScriptCaches (45ms)
			SetupLoadedEditorAssemblies (899ms)
				LogAssemblyErrors (0ms)
				InitializePlatformSupportModulesInManaged (12ms)
				SetLoadedEditorAssemblies (0ms)
				RefreshPlugins (0ms)
				BeforeProcessingInitializeOnLoad (97ms)
				ProcessInitializeOnLoadAttributes (776ms)
				ProcessInitializeOnLoadMethodAttributes (5ms)
				AfterProcessingInitializeOnLoad (7ms)
				EditorAssembliesLoaded (0ms)
			ExecutionOrderSort2 (0ms)
			AwakeInstancesAfterBackupRestoration (8ms)
Platform modules already initialized, skipping
Refreshing native plugins compatible for Editor in 0.38 ms, found 2 plugins.
Preloading 0 native plugins for Editor in 0.00 ms.
Unloading 1400 Unused Serialized files (Serialized files now loaded: 0)
System memory in use before: 82.2 MB.
System memory in use after: 82.3 MB.

Unloading 13 unused Assets to reduce memory usage. Loaded Objects now: 1894.
Total: 3.368300 ms (FindLiveObjects: 0.150800 ms CreateObjectMapping: 0.042300 ms MarkObjects: 3.155800 ms  DeleteObjects: 0.018400 ms)

AssetImportParameters requested are different than current active one (requested -> active):
  custom:framework-win-MediaFoundation: 216162199b28c13a410421893ffa2e32 -> 
  custom:video-decoder-ogg-theora: a1e56fd34408186e4bbccfd4996cb3dc -> 
  custom:container-muxer-webm: aa71ff27fc2769a1b78a27578f13a17b -> 
  custom:container-demuxer-webm: 4f35f7cbe854078d1ac9338744f61a02 -> 
  custom:container-demuxer-ogg: 62fdf1f143b41e24485cea50d1cbac27 -> 
  custom:video-encoder-webm-vp8: eb34c28f22e8b96e1ab97ce403110664 -> 
  custom:video-decoder-webm-vp8: 9c59270c3fd7afecdb556c50c9e8de78 -> 
  custom:audio-decoder-ogg-vorbis: bf7c407c2cedff20999df2af8eb42d56 -> 
  custom:audio-encoder-webm-vorbis: bf7c407c2cedff20999df2af8eb42d56 -> 
AssetImportWorkerClient::OnTransportError - code=2 error=End of file
